<?xml version="1.0" encoding="UTF-8"?>
<!-- Generated by org.testng.reporters.JUnitXMLReporter -->
<testsuite ignored="0" hostname="SC-CAF-CND84305MY" failures="0" tests="3" name="Test" time="31.58" errors="0" timestamp="2024-07-09T11:31:18 IST">
  <testcase classname="com.automation.testcases.LoginTest" name="loginApp" time="0.047"/>
  <testcase classname="com.automation.testcases.LoginTest" name="loginApp1" time="9.08"/>
  <testcase classname="com.automation.testcases.LoginTest" name="loginApp2" time="0.003"/>
</testsuite> <!-- Test -->
